
        ==========     _____ _    _ ____  _____  ______          _____  
        =====         / ____| |  | |  _ \|  __ \|  ____|   /\   |  __ \ 
          =====      | (___ | |  | | |_) | |__) | |__     /  \  | |  | |
            ====      \___ \| |  | |  _ <|  _  /|  __|   / /\ \ | |  | |
              ====    ____) | |__| | |_) | | \ \| |____ / ____ \| |__| |
        ==========   |_____/ \____/|____/|_|  \_\______/_/    \_\_____/
	  v2.0.1

//========================== featureCounts setting ===========================\\
||                                                                            ||
||             Input files : 9 SAM files                                      ||
||                           o no_fa1_1.sam                                   ||
||                           o no_fa2_1.sam                                   ||
||                           o no_fa3_1.sam                                   ||
||                           o pea_egg_fa1_1.sam                              ||
||                           o pea_egg_fa2_1.sam                              ||
||                           o pea_egg_fa3_1.sam                              ||
||                           o pea_fa1_1.sam                                  ||
||                           o pea_fa2_1.sam                                  ||
||                           o pea_fa3_1.sam                                  ||
||                                                                            ||
||             Output file : ge                                               ||
||                 Summary : ge.summary                                       ||
||              Annotation : hg38.ensGene.gtf (GTF)                           ||
||      Dir for temp files : output                                           ||
||                                                                            ||
||                 Threads : 1                                                ||
||                   Level : meta-feature level                               ||
||              Paired-end : no                                               ||
||      Multimapping reads : not counted                                      ||
|| Multi-overlapping reads : not counted                                      ||
||   Min overlapping bases : 1                                                ||
||                                                                            ||
\\============================================================================//

//================================= Running ==================================\\
||                                                                            ||
|| Load annotation file hg38.ensGene.gtf ...                                  ||
||    Features : 1232593                                                      ||
||    Meta-features : 64252                                                   ||
||    Chromosomes/contigs : 270                                               ||
||                                                                            ||
|| Process SAM file no_fa1_1.sam...                                           ||
||    Single-end reads are included.                                          ||
||    Total alignments : 8068396                                              ||
||    Successfully assigned alignments : 6801105 (84.3%)                      ||
||    Running time : 0.34 minutes                                             ||
||                                                                            ||
|| Process SAM file no_fa2_1.sam...                                           ||
||    Single-end reads are included.                                          ||
||    Total alignments : 7992561                                              ||
||    Successfully assigned alignments : 7010351 (87.7%)                      ||
||    Running time : 0.35 minutes                                             ||
||                                                                            ||
|| Process SAM file no_fa3_1.sam...                                           ||
||    Single-end reads are included.                                          ||
||    Total alignments : 7766145                                              ||
||    Successfully assigned alignments : 6612353 (85.1%)                      ||
||    Running time : 0.32 minutes                                             ||
||                                                                            ||
|| Process SAM file pea_egg_fa1_1.sam...                                      ||
||    Single-end reads are included.                                          ||
||    Total alignments : 8103983                                              ||
||    Successfully assigned alignments : 7074828 (87.3%)                      ||
||    Running time : 0.33 minutes                                             ||
||                                                                            ||
|| Process SAM file pea_egg_fa2_1.sam...                                      ||
||    Single-end reads are included.                                          ||
||    Total alignments : 8222020                                              ||
||    Successfully assigned alignments : 7066795 (85.9%)                      ||
||    Running time : 0.33 minutes                                             ||
||                                                                            ||
|| Process SAM file pea_egg_fa3_1.sam...                                      ||
||    Single-end reads are included.                                          ||
||    Total alignments : 7475334                                              ||
||    Successfully assigned alignments : 6502795 (87.0%)                      ||
||    Running time : 0.30 minutes                                             ||
||                                                                            ||
|| Process SAM file pea_fa1_1.sam...                                          ||
||    Single-end reads are included.                                          ||
||    Total alignments : 7837832                                              ||
||    Successfully assigned alignments : 6730974 (85.9%)                      ||
||    Running time : 0.32 minutes                                             ||
||                                                                            ||
|| Process SAM file pea_fa2_1.sam...                                          ||
||    Single-end reads are included.                                          ||
||    Total alignments : 8024880                                              ||
||    Successfully assigned alignments : 6884903 (85.8%)                      ||
||    Running time : 0.32 minutes                                             ||
||                                                                            ||
|| Process SAM file pea_fa3_1.sam...                                          ||
||    Single-end reads are included.                                          ||
||    Total alignments : 8104217                                              ||
||    Successfully assigned alignments : 6984480 (86.2%)                      ||
||    Running time : 0.33 minutes                                             ||
||                                                                            ||
|| Write the final count table.                                               ||
|| Write the read assignment summary.                                         ||
||                                                                            ||
|| Summary of counting results can be found in file "output/ge.summary"       ||
||                                                                            ||
\\============================================================================//

